<?xml version="1.0" encoding="UTF-8"?>
<!-- Generated by org.testng.reporters.JUnitReportReporter -->
<testsuite hostname="LAPTOP-94QLIR35" failures="0" tests="1" name="Test.SwaglabsTest" time="7.748" errors="0" timestamp="2022-10-10T19:57:34 IST" skipped="0">
  <testcase classname="Test.SwaglabsTest" name="enterValidData" time="7.748"/>
  <system-out/>
</testsuite> <!-- Test.SwaglabsTest -->
