<?xml version="1.0" encoding="UTF-8"?>
<!-- Generated by org.testng.reporters.JUnitReportReporter -->
<testsuite hostname="LAPTOP-94QLIR35" failures="0" tests="1" name="Test.ZerodhaSignUp" time="6.250" errors="0" timestamp="2022-10-04T12:39:28 IST" skipped="0">
  <testcase classname="Test.ZerodhaSignUp" name="signUp" time="6.250"/>
  <system-out/>
</testsuite> <!-- Test.ZerodhaSignUp -->
