<?xml version="1.0" encoding="UTF-8"?>
<!-- Generated by org.testng.reporters.JUnitReportReporter -->
<testsuite hostname="LAPTOP-94QLIR35" failures="0" tests="1" name="Test.ZerodhaForgotPageTest" time="5.586" errors="0" timestamp="2022-10-04T12:45:01 IST" skipped="0">
  <testcase classname="Test.ZerodhaForgotPageTest" name="forgotPage" time="5.586"/>
  <system-out/>
</testsuite> <!-- Test.ZerodhaForgotPageTest -->
