<?xml version="1.0" encoding="UTF-8"?>
<!-- Generated by org.testng.reporters.JUnitReportReporter -->
<testsuite hostname="LAPTOP-94QLIR35" failures="0" tests="1" name="Test.ZerodhaSignUpTest" time="3.666" errors="0" timestamp="2022-10-10T22:46:27 IST" skipped="0">
  <testcase classname="Test.ZerodhaSignUpTest" name="signUp" time="3.666"/>
  <system-out/>
</testsuite> <!-- Test.ZerodhaSignUpTest -->
